<?xml version="1.0" encoding="UTF-8"?>
<testsuites tests="12" failures="0" disabled="0" errors="0" time="0.003" timestamp="2026-09-11T08:00:23.429" name="AllTests">
  <testsuite name="RootConfig" tests="1" failures="0" disabled="0" skipped="0" errors="0" time="0.001" timestamp="2026-09-11T08:00:23.429">
    <testcase name="ReadsAuthorityConfig" file="/workspace/src/ai_sapiens/ai_sapiens_sim2real/test/test_state_machine_config.cpp" line="134" status="run" result="completed" time="0.001" timestamp="2026-09-11T08:00:23.429" classname="ai_sapiens_sim2real.RootConfig" />
  </testsuite>
  <testsuite name="AuthorityConfigValidation" tests="4" failures="0" disabled="0" skipped="0" errors="0" time="0." timestamp="2026-09-11T08:00:23.431">
    <testcase name="AcceptsZeroWarmupAndNeutralThreshold" file="/workspace/src/ai_sapiens/ai_sapiens_sim2real/test/test_state_machine_config.cpp" line="184" status="run" result="completed" time="0." timestamp="2026-09-11T08:00:23.431" classname="ai_sapiens_sim2real.AuthorityConfigValidation" />
    <testcase name="RejectsInvalidNumericValues" file="/workspace/src/ai_sapiens/ai_sapiens_sim2real/test/test_state_machine_config.cpp" line="200" status="run" result="completed" time="0." timestamp="2026-09-11T08:00:23.431" classname="ai_sapiens_sim2real.AuthorityConfigValidation" />
    <testcase name="RejectsEmptyOrDuplicateEntryStates" file="/workspace/src/ai_sapiens/ai_sapiens_sim2real/test/test_state_machine_config.cpp" line="236" status="run" result="completed" time="0." timestamp="2026-09-11T08:00:23.432" classname="ai_sapiens_sim2real.AuthorityConfigValidation" />
    <testcase name="RequiresNonMimicPolicyDefaultVelocityState" file="/workspace/src/ai_sapiens/ai_sapiens_sim2real/test/test_state_machine_config.cpp" line="254" status="run" result="completed" time="0." timestamp="2026-09-11T08:00:23.432" classname="ai_sapiens_sim2real.AuthorityConfigValidation" />
  </testsuite>
  <testsuite name="ModeStateMachine" tests="3" failures="0" disabled="0" skipped="0" errors="0" time="0." timestamp="2026-09-11T08:00:23.432">
    <testcase name="DoesNotRequireMimicParentState" file="/workspace/src/ai_sapiens/ai_sapiens_sim2real/test/test_state_machine_config.cpp" line="272" status="run" result="completed" time="0." timestamp="2026-09-11T08:00:23.432" classname="ai_sapiens_sim2real.ModeStateMachine" />
    <testcase name="TreatsStandaloneMimicBehaviorAsMimicState" file="/workspace/src/ai_sapiens/ai_sapiens_sim2real/test/test_state_machine_config.cpp" line="297" status="run" result="completed" time="0." timestamp="2026-09-11T08:00:23.432" classname="ai_sapiens_sim2real.ModeStateMachine" />
    <testcase name="FollowsSelectorTargetAndParentStateChain" file="/workspace/src/ai_sapiens/ai_sapiens_sim2real/test/test_state_machine_config.cpp" line="327" status="run" result="completed" time="0." timestamp="2026-09-11T08:00:23.432" classname="ai_sapiens_sim2real.ModeStateMachine" />
  </testsuite>
  <testsuite name="StateMachineConfigValidation" tests="4" failures="0" disabled="0" skipped="0" errors="0" time="0." timestamp="2026-09-11T08:00:23.432">
    <testcase name="RejectsSelectorTargetMissingState" file="/workspace/src/ai_sapiens/ai_sapiens_sim2real/test/test_state_machine_config.cpp" line="367" status="run" result="completed" time="0." timestamp="2026-09-11T08:00:23.432" classname="ai_sapiens_sim2real.StateMachineConfigValidation" />
    <testcase name="RejectsMissingParentState" file="/workspace/src/ai_sapiens/ai_sapiens_sim2real/test/test_state_machine_config.cpp" line="395" status="run" result="completed" time="0." timestamp="2026-09-11T08:00:23.432" classname="ai_sapiens_sim2real.StateMachineConfigValidation" />
    <testcase name="RejectsNonAbstractParentState" file="/workspace/src/ai_sapiens/ai_sapiens_sim2real/test/test_state_machine_config.cpp" line="419" status="run" result="completed" time="0." timestamp="2026-09-11T08:00:23.432" classname="ai_sapiens_sim2real.StateMachineConfigValidation" />
    <testcase name="RejectsUnsupportedBehaviorKind" file="/workspace/src/ai_sapiens/ai_sapiens_sim2real/test/test_state_machine_config.cpp" line="445" status="run" result="completed" time="0." timestamp="2026-09-11T08:00:23.432" classname="ai_sapiens_sim2real.StateMachineConfigValidation" />
  </testsuite>
</testsuites>
