<?xml version="1.0" encoding="UTF-8"?>
<testsuites tests="4" failures="0" disabled="0" errors="0" time="0." timestamp="2026-09-11T08:00:23.708" name="AllTests">
  <testsuite name="AxisRange" tests="4" failures="0" disabled="0" skipped="0" errors="0" time="0." timestamp="2026-09-11T08:00:23.708">
    <testcase name="NormalizePreservesZeroAndMapsBoundsToUnit" file="/workspace/src/ai_sapiens/ai_sapiens_sim2real/test/test_axis_range.cpp" line="24" status="run" result="completed" time="0." timestamp="2026-09-11T08:00:23.708" classname="ai_sapiens_sim2real.AxisRange" />
    <testcase name="ScalePreservesZeroAndMapsUnitToBounds" file="/workspace/src/ai_sapiens/ai_sapiens_sim2real/test/test_axis_range.cpp" line="33" status="run" result="completed" time="0." timestamp="2026-09-11T08:00:23.708" classname="ai_sapiens_sim2real.AxisRange" />
    <testcase name="NormalizeThenScaleMapsDeclaredOntoActive" file="/workspace/src/ai_sapiens/ai_sapiens_sim2real/test/test_axis_range.cpp" line="44" status="run" result="completed" time="0." timestamp="2026-09-11T08:00:23.708" classname="ai_sapiens_sim2real.AxisRange" />
    <testcase name="ClampBoundsValueToRange" file="/workspace/src/ai_sapiens/ai_sapiens_sim2real/test/test_axis_range.cpp" line="53" status="run" result="completed" time="0." timestamp="2026-09-11T08:00:23.708" classname="ai_sapiens_sim2real.AxisRange" />
  </testsuite>
</testsuites>
