<?xml version="1.0" encoding="UTF-8"?>
<testsuites tests="4" failures="0" disabled="0" errors="0" time="0." timestamp="2026-09-11T08:00:23.464" name="AllTests">
  <testsuite name="StartupGate" tests="4" failures="0" disabled="0" skipped="0" errors="0" time="0." timestamp="2026-09-11T08:00:23.464">
    <testcase name="DampingPositionReleasesGate" file="/workspace/src/ai_sapiens/ai_sapiens_sim2real/test/test_startup_gate.cpp" line="108" status="run" result="completed" time="0." timestamp="2026-09-11T08:00:23.464" classname="ai_sapiens_sim2real.StartupGate" />
    <testcase name="ReadyPosePositionReleasesGate" file="/workspace/src/ai_sapiens/ai_sapiens_sim2real/test/test_startup_gate.cpp" line="119" status="run" result="completed" time="0." timestamp="2026-09-11T08:00:23.464" classname="ai_sapiens_sim2real.StartupGate" />
    <testcase name="VelocityMimicAndNeutralHoldGate" file="/workspace/src/ai_sapiens/ai_sapiens_sim2real/test/test_startup_gate.cpp" line="130" status="run" result="completed" time="0." timestamp="2026-09-11T08:00:23.464" classname="ai_sapiens_sim2real.StartupGate" />
    <testcase name="UnavailableInputNeverReleasesGate" file="/workspace/src/ai_sapiens/ai_sapiens_sim2real/test/test_startup_gate.cpp" line="143" status="run" result="completed" time="0." timestamp="2026-09-11T08:00:23.464" classname="ai_sapiens_sim2real.StartupGate" />
  </testsuite>
</testsuites>
