<?xml version="1.0" encoding="UTF-8"?>
<testsuites tests="4" failures="0" disabled="0" errors="0" time="0." timestamp="2026-09-11T08:00:23.680" name="AllTests">
  <testsuite name="MotionPlayback" tests="3" failures="0" disabled="0" skipped="0" errors="0" time="0." timestamp="2026-09-11T08:00:23.680">
    <testcase name="OpenEndedWindowNeverCompletes" file="/workspace/src/ai_sapiens/ai_sapiens_sim2real/test/test_motion_playback.cpp" line="25" status="run" result="completed" time="0." timestamp="2026-09-11T08:00:23.680" classname="ai_sapiens_sim2real.MotionPlayback" />
    <testcase name="CompletesAtWindowEndFromZeroStart" file="/workspace/src/ai_sapiens/ai_sapiens_sim2real/test/test_motion_playback.cpp" line="32" status="run" result="completed" time="0." timestamp="2026-09-11T08:00:23.680" classname="ai_sapiens_sim2real.MotionPlayback" />
    <testcase name="NonZeroStartSeeksAndCompletesInAbsoluteMotionTime" file="/workspace/src/ai_sapiens/ai_sapiens_sim2real/test/test_motion_playback.cpp" line="41" status="run" result="completed" time="0." timestamp="2026-09-11T08:00:23.680" classname="ai_sapiens_sim2real.MotionPlayback" />
  </testsuite>
  <testsuite name="MotionReference" tests="1" failures="0" disabled="0" skipped="0" errors="0" time="0." timestamp="2026-09-11T08:00:23.680">
    <testcase name="RejectsInvalidFpsBeforeLoadingCsv" file="/workspace/src/ai_sapiens/ai_sapiens_sim2real/test/test_motion_playback.cpp" line="53" status="run" result="completed" time="0." timestamp="2026-09-11T08:00:23.680" classname="ai_sapiens_sim2real.MotionReference" />
  </testsuite>
</testsuites>
