<?xml version="1.0" encoding="UTF-8"?>
<testsuites tests="7" failures="0" disabled="0" errors="0" time="0." timestamp="2026-09-11T08:00:23.355" name="AllTests">
  <testsuite name="RealtimeRequestGate" tests="7" failures="0" disabled="0" skipped="0" errors="0" time="0." timestamp="2026-09-11T08:00:23.356">
    <testcase name="AcceptsWhenIdleAndReportsBusy" file="/workspace/src/ai_sapiens/ai_sapiens_sim2real/test/test_request_gate.cpp" line="21" status="run" result="completed" time="0." timestamp="2026-09-11T08:00:23.356" classname="ai_sapiens_sim2real.RealtimeRequestGate" />
    <testcase name="RejectsWhileBusy" file="/workspace/src/ai_sapiens/ai_sapiens_sim2real/test/test_request_gate.cpp" line="30" status="run" result="completed" time="0." timestamp="2026-09-11T08:00:23.356" classname="ai_sapiens_sim2real.RealtimeRequestGate" />
    <testcase name="ConsumeReturnsRequestAndFreesSlot" file="/workspace/src/ai_sapiens/ai_sapiens_sim2real/test/test_request_gate.cpp" line="38" status="run" result="completed" time="0." timestamp="2026-09-11T08:00:23.356" classname="ai_sapiens_sim2real.RealtimeRequestGate" />
    <testcase name="ConsumeWhenEmptyIsNullopt" file="/workspace/src/ai_sapiens/ai_sapiens_sim2real/test/test_request_gate.cpp" line="51" status="run" result="completed" time="0." timestamp="2026-09-11T08:00:23.356" classname="ai_sapiens_sim2real.RealtimeRequestGate" />
    <testcase name="AcceptSucceedsAfterConsume" file="/workspace/src/ai_sapiens/ai_sapiens_sim2real/test/test_request_gate.cpp" line="59" status="run" result="completed" time="0." timestamp="2026-09-11T08:00:23.356" classname="ai_sapiens_sim2real.RealtimeRequestGate" />
    <testcase name="DiscardDropsPendingWithoutConsuming" file="/workspace/src/ai_sapiens/ai_sapiens_sim2real/test/test_request_gate.cpp" line="72" status="run" result="completed" time="0." timestamp="2026-09-11T08:00:23.356" classname="ai_sapiens_sim2real.RealtimeRequestGate" />
    <testcase name="RejectsAcceptValidatedBeforeRevocation" file="/workspace/src/ai_sapiens/ai_sapiens_sim2real/test/test_request_gate.cpp" line="84" status="run" result="completed" time="0." timestamp="2026-09-11T08:00:23.356" classname="ai_sapiens_sim2real.RealtimeRequestGate" />
  </testsuite>
</testsuites>
